[INFO  - 2017-08-29T01:58:06.111Z] GhostDriver - Main - running on port 53838
[INFO  - 2017-08-29T01:58:07.068Z] Session [804ff3a0-8c5d-11e7-bf8c-2b251282d0d2] - page.settings - {"XSSAuditingEnabled":false,"javascriptCanCloseWindows":true,"javascriptCanOpenWindows":true,"javascriptEnabled":true,"loadImages":false,"localToRemoteUrlAccessEnabled":false,"userAgent":"Mozilla/5.0 (Macintosh; Intel Mac OS X 10_12_5) AppleWebKit/537.36 (KHTML, like Gecko) Chrome/60.0.3112.101 Safari/537.36","webSecurityEnabled":true}
[INFO  - 2017-08-29T01:58:07.068Z] Session [804ff3a0-8c5d-11e7-bf8c-2b251282d0d2] - page.customHeaders:  - {}
[INFO  - 2017-08-29T01:58:07.068Z] Session [804ff3a0-8c5d-11e7-bf8c-2b251282d0d2] - Session.negotiatedCapabilities - {"browserName":"phantomjs","version":"2.1.1","driverName":"ghostdriver","driverVersion":"1.2.0","platform":"linux-unknown-64bit","javascriptEnabled":true,"takesScreenshot":true,"handlesAlerts":false,"databaseEnabled":false,"locationContextEnabled":false,"applicationCacheEnabled":false,"browserConnectionEnabled":false,"cssSelectorsEnabled":true,"webStorageEnabled":false,"rotatable":false,"acceptSslCerts":false,"nativeEvents":true,"proxy":{"proxyType":"direct"},"phantomjs.page.settings.loadImages":false,"phantomjs.page.settings.userAgent":"Mozilla/5.0 (Macintosh; Intel Mac OS X 10_12_5) AppleWebKit/537.36 (KHTML, like Gecko) Chrome/60.0.3112.101 Safari/537.36"}
[INFO  - 2017-08-29T01:58:07.068Z] SessionManagerReqHand - _postNewSessionCommand - New Session Created: 804ff3a0-8c5d-11e7-bf8c-2b251282d0d2
[ERROR - 2017-08-29T01:58:07.072Z] RouterReqHand - _handle.error - {"name":"Missing Command Parameter","message":"{\"headers\":{\"Accept\":\"application/json\",\"Accept-Encoding\":\"identity\",\"Connection\":\"close\",\"Content-Length\":\"72\",\"Content-Type\":\"application/json;charset=UTF-8\",\"Host\":\"127.0.0.1:53838\",\"User-Agent\":\"Python http auth\"},\"httpVersion\":\"1.1\",\"method\":\"POST\",\"post\":\"{\\\"pageLoad\\\": 20000, \\\"sessionId\\\": \\\"804ff3a0-8c5d-11e7-bf8c-2b251282d0d2\\\"}\",\"url\":\"/timeouts\",\"urlParsed\":{\"anchor\":\"\",\"query\":\"\",\"file\":\"timeouts\",\"directory\":\"/\",\"path\":\"/timeouts\",\"relative\":\"/timeouts\",\"port\":\"\",\"host\":\"\",\"password\":\"\",\"user\":\"\",\"userInfo\":\"\",\"authority\":\"\",\"protocol\":\"\",\"source\":\"/timeouts\",\"queryKey\":{},\"chunks\":[\"timeouts\"]},\"urlOriginal\":\"/session/804ff3a0-8c5d-11e7-bf8c-2b251282d0d2/timeouts\"}","line":546,"sourceURL":"phantomjs://code/session_request_handler.js","stack":"_postTimeout@phantomjs://code/session_request_handler.js:546:73\n_handle@phantomjs://code/session_request_handler.js:148:25\n_reroute@phantomjs://code/request_handler.js:61:20\n_handle@phantomjs://code/router_request_handler.js:78:46"}

  phantomjs://platform/console++.js:263 in error
[INFO  - 2017-08-29T01:58:20.044Z] Session [804ff3a0-8c5d-11e7-bf8c-2b251282d0d2] - page.settings - {"XSSAuditingEnabled":false,"javascriptCanCloseWindows":true,"javascriptCanOpenWindows":true,"javascriptEnabled":true,"loadImages":false,"localToRemoteUrlAccessEnabled":false,"userAgent":"Mozilla/5.0 (Macintosh; Intel Mac OS X 10_12_5) AppleWebKit/537.36 (KHTML, like Gecko) Chrome/60.0.3112.101 Safari/537.36","webSecurityEnabled":true}
[INFO  - 2017-08-29T01:58:20.044Z] Session [804ff3a0-8c5d-11e7-bf8c-2b251282d0d2] - page.customHeaders:  - {}
[INFO  - 2017-08-29T01:58:41.700Z] Session [804ff3a0-8c5d-11e7-bf8c-2b251282d0d2] - page.settings - {"XSSAuditingEnabled":false,"javascriptCanCloseWindows":true,"javascriptCanOpenWindows":true,"javascriptEnabled":true,"loadImages":false,"localToRemoteUrlAccessEnabled":false,"userAgent":"Mozilla/5.0 (Macintosh; Intel Mac OS X 10_12_5) AppleWebKit/537.36 (KHTML, like Gecko) Chrome/60.0.3112.101 Safari/537.36","webSecurityEnabled":true}
[INFO  - 2017-08-29T01:58:41.700Z] Session [804ff3a0-8c5d-11e7-bf8c-2b251282d0d2] - page.customHeaders:  - {}
[INFO  - 2017-08-29T01:58:57.108Z] Session [804ff3a0-8c5d-11e7-bf8c-2b251282d0d2] - page.settings - {"XSSAuditingEnabled":false,"javascriptCanCloseWindows":true,"javascriptCanOpenWindows":true,"javascriptEnabled":true,"loadImages":false,"localToRemoteUrlAccessEnabled":false,"userAgent":"Mozilla/5.0 (Macintosh; Intel Mac OS X 10_12_5) AppleWebKit/537.36 (KHTML, like Gecko) Chrome/60.0.3112.101 Safari/537.36","webSecurityEnabled":true}
[INFO  - 2017-08-29T01:58:57.109Z] Session [804ff3a0-8c5d-11e7-bf8c-2b251282d0d2] - page.customHeaders:  - {}
[INFO  - 2017-08-29T01:59:08.684Z] Session [804ff3a0-8c5d-11e7-bf8c-2b251282d0d2] - page.settings - {"XSSAuditingEnabled":false,"javascriptCanCloseWindows":true,"javascriptCanOpenWindows":true,"javascriptEnabled":true,"loadImages":false,"localToRemoteUrlAccessEnabled":false,"userAgent":"Mozilla/5.0 (Macintosh; Intel Mac OS X 10_12_5) AppleWebKit/537.36 (KHTML, like Gecko) Chrome/60.0.3112.101 Safari/537.36","webSecurityEnabled":true}
[INFO  - 2017-08-29T01:59:08.684Z] Session [804ff3a0-8c5d-11e7-bf8c-2b251282d0d2] - page.customHeaders:  - {}
[INFO  - 2017-08-29T01:59:20.824Z] Session [804ff3a0-8c5d-11e7-bf8c-2b251282d0d2] - page.settings - {"XSSAuditingEnabled":false,"javascriptCanCloseWindows":true,"javascriptCanOpenWindows":true,"javascriptEnabled":true,"loadImages":false,"localToRemoteUrlAccessEnabled":false,"userAgent":"Mozilla/5.0 (Macintosh; Intel Mac OS X 10_12_5) AppleWebKit/537.36 (KHTML, like Gecko) Chrome/60.0.3112.101 Safari/537.36","webSecurityEnabled":true}
[INFO  - 2017-08-29T01:59:20.824Z] Session [804ff3a0-8c5d-11e7-bf8c-2b251282d0d2] - page.customHeaders:  - {}
[INFO  - 2017-08-29T01:59:32.792Z] Session [804ff3a0-8c5d-11e7-bf8c-2b251282d0d2] - page.settings - {"XSSAuditingEnabled":false,"javascriptCanCloseWindows":true,"javascriptCanOpenWindows":true,"javascriptEnabled":true,"loadImages":false,"localToRemoteUrlAccessEnabled":false,"userAgent":"Mozilla/5.0 (Macintosh; Intel Mac OS X 10_12_5) AppleWebKit/537.36 (KHTML, like Gecko) Chrome/60.0.3112.101 Safari/537.36","webSecurityEnabled":true}
[INFO  - 2017-08-29T01:59:32.792Z] Session [804ff3a0-8c5d-11e7-bf8c-2b251282d0d2] - page.customHeaders:  - {}
[INFO  - 2017-08-29T01:59:44.670Z] Session [804ff3a0-8c5d-11e7-bf8c-2b251282d0d2] - page.settings - {"XSSAuditingEnabled":false,"javascriptCanCloseWindows":true,"javascriptCanOpenWindows":true,"javascriptEnabled":true,"loadImages":false,"localToRemoteUrlAccessEnabled":false,"userAgent":"Mozilla/5.0 (Macintosh; Intel Mac OS X 10_12_5) AppleWebKit/537.36 (KHTML, like Gecko) Chrome/60.0.3112.101 Safari/537.36","webSecurityEnabled":true}
[INFO  - 2017-08-29T01:59:44.670Z] Session [804ff3a0-8c5d-11e7-bf8c-2b251282d0d2] - page.customHeaders:  - {}
[INFO  - 2017-08-29T01:59:56.601Z] Session [804ff3a0-8c5d-11e7-bf8c-2b251282d0d2] - page.settings - {"XSSAuditingEnabled":false,"javascriptCanCloseWindows":true,"javascriptCanOpenWindows":true,"javascriptEnabled":true,"loadImages":false,"localToRemoteUrlAccessEnabled":false,"userAgent":"Mozilla/5.0 (Macintosh; Intel Mac OS X 10_12_5) AppleWebKit/537.36 (KHTML, like Gecko) Chrome/60.0.3112.101 Safari/537.36","webSecurityEnabled":true}
[INFO  - 2017-08-29T01:59:56.601Z] Session [804ff3a0-8c5d-11e7-bf8c-2b251282d0d2] - page.customHeaders:  - {}
[INFO  - 2017-08-29T02:00:08.160Z] Session [804ff3a0-8c5d-11e7-bf8c-2b251282d0d2] - page.settings - {"XSSAuditingEnabled":false,"javascriptCanCloseWindows":true,"javascriptCanOpenWindows":true,"javascriptEnabled":true,"loadImages":false,"localToRemoteUrlAccessEnabled":false,"userAgent":"Mozilla/5.0 (Macintosh; Intel Mac OS X 10_12_5) AppleWebKit/537.36 (KHTML, like Gecko) Chrome/60.0.3112.101 Safari/537.36","webSecurityEnabled":true}
[INFO  - 2017-08-29T02:00:08.160Z] Session [804ff3a0-8c5d-11e7-bf8c-2b251282d0d2] - page.customHeaders:  - {}
[INFO  - 2017-08-29T02:00:19.958Z] Session [804ff3a0-8c5d-11e7-bf8c-2b251282d0d2] - page.settings - {"XSSAuditingEnabled":false,"javascriptCanCloseWindows":true,"javascriptCanOpenWindows":true,"javascriptEnabled":true,"loadImages":false,"localToRemoteUrlAccessEnabled":false,"userAgent":"Mozilla/5.0 (Macintosh; Intel Mac OS X 10_12_5) AppleWebKit/537.36 (KHTML, like Gecko) Chrome/60.0.3112.101 Safari/537.36","webSecurityEnabled":true}
[INFO  - 2017-08-29T02:00:19.958Z] Session [804ff3a0-8c5d-11e7-bf8c-2b251282d0d2] - page.customHeaders:  - {}
[INFO  - 2017-08-29T02:00:31.677Z] Session [804ff3a0-8c5d-11e7-bf8c-2b251282d0d2] - page.settings - {"XSSAuditingEnabled":false,"javascriptCanCloseWindows":true,"javascriptCanOpenWindows":true,"javascriptEnabled":true,"loadImages":false,"localToRemoteUrlAccessEnabled":false,"userAgent":"Mozilla/5.0 (Macintosh; Intel Mac OS X 10_12_5) AppleWebKit/537.36 (KHTML, like Gecko) Chrome/60.0.3112.101 Safari/537.36","webSecurityEnabled":true}
[INFO  - 2017-08-29T02:00:31.677Z] Session [804ff3a0-8c5d-11e7-bf8c-2b251282d0d2] - page.customHeaders:  - {}
[INFO  - 2017-08-29T02:00:43.214Z] Session [804ff3a0-8c5d-11e7-bf8c-2b251282d0d2] - page.settings - {"XSSAuditingEnabled":false,"javascriptCanCloseWindows":true,"javascriptCanOpenWindows":true,"javascriptEnabled":true,"loadImages":false,"localToRemoteUrlAccessEnabled":false,"userAgent":"Mozilla/5.0 (Macintosh; Intel Mac OS X 10_12_5) AppleWebKit/537.36 (KHTML, like Gecko) Chrome/60.0.3112.101 Safari/537.36","webSecurityEnabled":true}
[INFO  - 2017-08-29T02:00:43.214Z] Session [804ff3a0-8c5d-11e7-bf8c-2b251282d0d2] - page.customHeaders:  - {}
[INFO  - 2017-08-29T02:00:54.743Z] Session [804ff3a0-8c5d-11e7-bf8c-2b251282d0d2] - page.settings - {"XSSAuditingEnabled":false,"javascriptCanCloseWindows":true,"javascriptCanOpenWindows":true,"javascriptEnabled":true,"loadImages":false,"localToRemoteUrlAccessEnabled":false,"userAgent":"Mozilla/5.0 (Macintosh; Intel Mac OS X 10_12_5) AppleWebKit/537.36 (KHTML, like Gecko) Chrome/60.0.3112.101 Safari/537.36","webSecurityEnabled":true}
[INFO  - 2017-08-29T02:00:54.743Z] Session [804ff3a0-8c5d-11e7-bf8c-2b251282d0d2] - page.customHeaders:  - {}
[INFO  - 2017-08-29T02:01:06.470Z] Session [804ff3a0-8c5d-11e7-bf8c-2b251282d0d2] - page.settings - {"XSSAuditingEnabled":false,"javascriptCanCloseWindows":true,"javascriptCanOpenWindows":true,"javascriptEnabled":true,"loadImages":false,"localToRemoteUrlAccessEnabled":false,"userAgent":"Mozilla/5.0 (Macintosh; Intel Mac OS X 10_12_5) AppleWebKit/537.36 (KHTML, like Gecko) Chrome/60.0.3112.101 Safari/537.36","webSecurityEnabled":true}
[INFO  - 2017-08-29T02:01:06.470Z] Session [804ff3a0-8c5d-11e7-bf8c-2b251282d0d2] - page.customHeaders:  - {}
[INFO  - 2017-08-29T02:01:18.292Z] Session [804ff3a0-8c5d-11e7-bf8c-2b251282d0d2] - page.settings - {"XSSAuditingEnabled":false,"javascriptCanCloseWindows":true,"javascriptCanOpenWindows":true,"javascriptEnabled":true,"loadImages":false,"localToRemoteUrlAccessEnabled":false,"userAgent":"Mozilla/5.0 (Macintosh; Intel Mac OS X 10_12_5) AppleWebKit/537.36 (KHTML, like Gecko) Chrome/60.0.3112.101 Safari/537.36","webSecurityEnabled":true}
[INFO  - 2017-08-29T02:01:18.292Z] Session [804ff3a0-8c5d-11e7-bf8c-2b251282d0d2] - page.customHeaders:  - {}
[INFO  - 2017-08-29T02:01:30.031Z] Session [804ff3a0-8c5d-11e7-bf8c-2b251282d0d2] - page.settings - {"XSSAuditingEnabled":false,"javascriptCanCloseWindows":true,"javascriptCanOpenWindows":true,"javascriptEnabled":true,"loadImages":false,"localToRemoteUrlAccessEnabled":false,"userAgent":"Mozilla/5.0 (Macintosh; Intel Mac OS X 10_12_5) AppleWebKit/537.36 (KHTML, like Gecko) Chrome/60.0.3112.101 Safari/537.36","webSecurityEnabled":true}
[INFO  - 2017-08-29T02:01:30.031Z] Session [804ff3a0-8c5d-11e7-bf8c-2b251282d0d2] - page.customHeaders:  - {}
[INFO  - 2017-08-29T02:01:41.891Z] Session [804ff3a0-8c5d-11e7-bf8c-2b251282d0d2] - page.settings - {"XSSAuditingEnabled":false,"javascriptCanCloseWindows":true,"javascriptCanOpenWindows":true,"javascriptEnabled":true,"loadImages":false,"localToRemoteUrlAccessEnabled":false,"userAgent":"Mozilla/5.0 (Macintosh; Intel Mac OS X 10_12_5) AppleWebKit/537.36 (KHTML, like Gecko) Chrome/60.0.3112.101 Safari/537.36","webSecurityEnabled":true}
[INFO  - 2017-08-29T02:01:41.891Z] Session [804ff3a0-8c5d-11e7-bf8c-2b251282d0d2] - page.customHeaders:  - {}
[INFO  - 2017-08-29T02:01:53.818Z] Session [804ff3a0-8c5d-11e7-bf8c-2b251282d0d2] - page.settings - {"XSSAuditingEnabled":false,"javascriptCanCloseWindows":true,"javascriptCanOpenWindows":true,"javascriptEnabled":true,"loadImages":false,"localToRemoteUrlAccessEnabled":false,"userAgent":"Mozilla/5.0 (Macintosh; Intel Mac OS X 10_12_5) AppleWebKit/537.36 (KHTML, like Gecko) Chrome/60.0.3112.101 Safari/537.36","webSecurityEnabled":true}
[INFO  - 2017-08-29T02:01:53.818Z] Session [804ff3a0-8c5d-11e7-bf8c-2b251282d0d2] - page.customHeaders:  - {}
[INFO  - 2017-08-29T02:02:06.129Z] Session [804ff3a0-8c5d-11e7-bf8c-2b251282d0d2] - page.settings - {"XSSAuditingEnabled":false,"javascriptCanCloseWindows":true,"javascriptCanOpenWindows":true,"javascriptEnabled":true,"loadImages":false,"localToRemoteUrlAccessEnabled":false,"userAgent":"Mozilla/5.0 (Macintosh; Intel Mac OS X 10_12_5) AppleWebKit/537.36 (KHTML, like Gecko) Chrome/60.0.3112.101 Safari/537.36","webSecurityEnabled":true}
[INFO  - 2017-08-29T02:02:06.129Z] Session [804ff3a0-8c5d-11e7-bf8c-2b251282d0d2] - page.customHeaders:  - {}
[INFO  - 2017-08-29T02:02:18.057Z] Session [804ff3a0-8c5d-11e7-bf8c-2b251282d0d2] - page.settings - {"XSSAuditingEnabled":false,"javascrip[INFO  - 2017-08-29T02:03:23.655Z] SessionManagerReqHand - _cleanupWindowlessSessions - Asynchronous Sessions clean-up phase starting NOW
[INFO  - 2017-08-29T02:08:23.655Z] SessionManagerReqHand - _cleanupWindowlessSessions - Asynchronous Sessions clean-up phase starting NOW
[INFO  - 2017-08-29T02:13:23.655Z] SessionManagerReqHand - _cleanupWindowlessSessions - Asynchronous Sessions clean-up phase starting NOW
[INFO  - 2017-08-29T02:18:23.655Z] SessionManagerReqHand - _cleanupWindowlessSessions - Asynchronous Sessions clean-up phase starting NOW
[INFO  - 2017-08-29T02:23:23.655Z] SessionManagerReqHand - _cleanupWindowlessSessions - Asynchronous Sessions clean-up phase starting NOW
[INFO  - 2017-08-29T02:28:23.655Z] SessionManagerReqHand - _cleanupWindowlessSessions - Asynchronous Sessions clean-up phase starting NOW
urityEnabled":true}
[INFO  - 2017-08-29T02:02:29.797Z] Session [804ff3a0-8c5d-11e7-bf8c-2b251282d0d2] - page.customHeaders:  - {}
[INFO  - 2017-08-29T02:02:41.382Z] Session [804ff3a0-8c5d-11e7-bf8c-2b251282d0d2] - page.settings - {"XSSAuditingEnabled":false,"javascriptCanCloseWindows":true,"javascriptCanOpenWindows":true,"javascriptEnabled":true,"loadImages":false,"localToRemoteUrlAccessEnabled":false,"userAgent":"Mozilla/5.0 (Macintosh; Intel Mac OS X 10_12_5) AppleWebKit/537.36 (KHTML, like Gecko) Chrome/60.0.3112.101 Safari/537.36","webSecurityEnabled":true}
[INFO  - 2017-08-29T02:02:41.382Z] Session [804ff3a0-8c5d-11e7-bf8c-2b251282d0d2] - page.customHeaders:  - {}
[INFO  - 2017-08-29T02:02:53.592Z] Session [804ff3a0-8c5d-11e7-bf8c-2b251282d0d2] - page.settings - {"XSSAuditingEnabled":false,"javascriptCanCloseWindows":true,"javascriptCanOpenWindows":true,"javascriptEnabled":true,"loadImages":false,"localToRemoteUrlAccessEnabled":false,"userAgent":"Mozilla/5.0 (Macintosh; Intel Mac OS X 10_12_5) AppleWebKit/537.36 (KHTML, like Gecko) Chrome/60.0.3112.101 Safari/537.36","webSecurityEnabled":true}
[INFO  - 2017-08-29T02:02:53.592Z] Session [804ff3a0-8c5d-11e7-bf8c-2b251282d0d2] - page.customHeaders:  - {}
[INFO  - 2017-08-29T02:03:05.321Z] Session [804ff3a0-8c5d-11e7-bf8c-2b251282d0d2] - page.settings - {"XSSAuditingEnabled":false,"javascriptCanCloseWindows":true,"javascriptCanOpenWindows":true,"javascriptEnabled":true,"loadImages":false,"localToRemoteUrlAccessEnabled":false,"userAgent":"Mozilla/5.0 (Macintosh; Intel Mac OS X 10_12_5) AppleWebKit/537.36 (KHTML, like Gecko) Chrome/60.0.3112.101 Safari/537.36","webSecurityEnabled":true}
[INFO  - 2017-08-29T02:03:05.321Z] Session [804ff3a0-8c5d-11e7-bf8c-2b251282d0d2] - page.customHeaders:  - {}
[INFO  - 2017-08-29T02:03:06.110Z] SessionManagerReqHand - _cleanupWindowlessSessions - Asynchronous Sessions clean-up phase starting NOW
[INFO  - 2017-08-29T02:03:17.376Z] Session [804ff3a0-8c5d-11e7-bf8c-2b251282d0d2] - page.settings - {"XSSAuditingEnabled":false,"javascriptCanCloseWindows":true,"javascriptCanOpenWindows":true,"javascriptEnabled":true,"loadImages":false,"localToRemoteUrlAccessEnabled":false,"userAgent":"Mozilla/5.0 (Macintosh; Intel Mac OS X 10_12_5) AppleWebKit/537.36 (KHTML, like Gecko) Chrome/60.0.3112.101 Safari/537.36","webSecurityEnabled":true}
[INFO  - 2017-08-29T02:03:17.376Z] Session [804ff3a0-8c5d-11e7-bf8c-2b251282d0d2] - page.customHeaders:  - {}
[INFO  - 2017-08-29T02:03:32.168Z] Session [804ff3a0-8c5d-11e7-bf8c-2b251282d0d2] - page.settings - {"XSSAuditingEnabled":false,"javascriptCanCloseWindows":true,"javascriptCanOpenWindows":true,"javascriptEnabled":true,"loadImages":false,"localToRemoteUrlAccessEnabled":false,"userAgent":"Mozilla/5.0 (Macintosh; Intel Mac OS X 10_12_5) AppleWebKit/537.36 (KHTML, like Gecko) Chrome/60.0.3112.101 Safari/537.36","webSecurityEnabled":true}
[INFO  - 2017-08-29T02:03:32.168Z] Session [804ff3a0-8c5d-11e7-bf8c-2b251282d0d2] - page.customHeaders:  - {}
[INFO  - 2017-08-29T02:03:44.616Z] Session [804ff3a0-8c5d-11e7-bf8c-2b251282d0d2] - page.settings - {"XSSAuditingEnabled":false,"javascriptCanCloseWindows":true,"javascriptCanOpenWindows":true,"javascriptEnabled":true,"loadImages":false,"localToRemoteUrlAccessEnabled":false,"userAgent":"Mozilla/5.0 (Macintosh; Intel Mac OS X 10_12_5) AppleWebKit/537.36 (KHTML, like Gecko) Chrome/60.0.3112.101 Safari/537.36","webSecurityEnabled":true}
[INFO  - 2017-08-29T02:03:44.616Z] Session [804ff3a0-8c5d-11e7-bf8c-2b251282d0d2] - page.customHeaders:  - {}
[INFO  - 2017-08-29T02:03:56.472Z] Session [804ff3a0-8c5d-11e7-bf8c-2b251282d0d2] - page.settings - {"XSSAuditingEnabled":false,"javascriptCanCloseWindows":true,"javascriptCanOpenWindows":true,"javascriptEnabled":true,"loadImages":false,"localToRemoteUrlAccessEnabled":false,"userAgent":"Mozilla/5.0 (Macintosh; Intel Mac OS X 10_12_5) AppleWebKit/537.36 (KHTML, like Gecko) Chrome/60.0.3112.101 Safari/537.36","webSecurityEnabled":true}
[INFO  - 2017-08-29T02:03:56.472Z] Session [804ff3a0-8c5d-11e7-bf8c-2b251282d0d2] - page.customHeaders:  - {}
[INFO  - 2017-08-29T02:04:08.114Z] Session [804ff3a0-8c5d-11e7-bf8c-2b251282d0d2] - page.settings - {"XSSAuditingEnabled":false,"javascriptCanCloseWindows":true,"javascriptCanOpenWindows":true,"javascriptEnabled":true,"loadImages":false,"localToRemoteUrlAccessEnabled":false,"userAgent":"Mozilla/5.0 (Macintosh; Intel Mac OS X 10_12_5) AppleWebKit/537.36 (KHTML, like Gecko) Chrome/60.0.3112.101 Safari/537.36","webSecurityEnabled":true}
[INFO  - 2017-08-29T02:04:08.114Z] Session [804ff3a0-8c5d-11e7-bf8c-2b251282d0d2] - page.customHeaders:  - {}
[INFO  - 2017-08-29T02:04:19.912Z] Session [804ff3a0-8c5d-11e7-bf8c-2b251282d0d2] - page.settings - {"XSSAuditingEnabled":false,"javascriptCanCloseWindows":true,"javascriptCanOpenWindows":true,"javascriptEnabled":true,"loadImages":false,"localToRemoteUrlAccessEnabled":false,"userAgent":"Mozilla/5.0 (Macintosh; Intel Mac OS X 10_12_5) AppleWebKit/537.36 (KHTML, like Gecko) Chrome/60.0.3112.101 Safari/537.36","webSecurityEnabled":true}
[INFO  - 2017-08-29T02:04:19.912Z] Session [804ff3a0-8c5d-11e7-bf8c-2b251282d0d2] - page.customHeaders:  - {}
[INFO  - 2017-08-29T02:04:31.648Z] Session [804ff3a0-8c5d-11e7-bf8c-2b251282d0d2] - page.settings - {"XSSAuditingEnabled":false,"javascriptCanCloseWindows":true,"javascriptCanOpenWindows":true,"javascriptEnabled":true,"loadImages":false,"localToRemoteUrlAccessEnabled":false,"userAgent":"Mozilla/5.0 (Macintosh; Intel Mac OS X 10_12_5) AppleWebKit/537.36 (KHTML, like Gecko) Chrome/60.0.3112.101 Safari/537.36","webSecurityEnabled":true}
[INFO  - 2017-08-29T02:04:31.648Z] Session [804ff3a0-8c5d-11e7-bf8c-2b251282d0d2] - page.customHeaders:  - {}
[INFO  - 2017-08-29T02:04:43.442Z] Session [804ff3a0-8c5d-11e7-bf8c-2b251282d0d2] - page.settings - {"XSSAuditingEnabled":false,"javascriptCanCloseWindows":true,"javascriptCanOpenWindows":true,"javascriptEnabled":true,"loadImages":false,"localToRemoteUrlAccessEnabled":false,"userAgent":"Mozilla/5.0 (Macintosh; Intel Mac OS X 10_12_5) AppleWebKit/537.36 (KHTML, like Gecko) Chrome/60.0.3112.101 Safari/537.36","webSecurityEnabled":true}
[INFO  - 2017-08-29T02:04:43.442Z] Session [804ff3a0-8c5d-11e7-bf8c-2b251282d0d2] - page.customHeaders:  - {}
[INFO  - 2017-08-29T02:04:55.230Z] Session [804ff3a0-8c5d-11e7-bf8c-2b251282d0d2] - page.settings - {"XSSAuditingEnabled":false,"javascriptCanCloseWindows":true,"javascriptCanOpenWindows":true,"javascriptEnabled":true,"loadImages":false,"localToRemoteUrlAccessEnabled":false,"userAgent":"Mozilla/5.0 (Macintosh; Intel Mac OS X 10_12_5) AppleWebKit/537.36 (KHTML, like Gecko) Chrome/60.0.3112.101 Safari/537.36","webSecurityEnabled":true}
[INFO  - 2017-08-29T02:04:55.230Z] Session [804ff3a0-8c5d-11e7-bf8c-2b251282d0d2] - page.customHeaders:  - {}
[INFO  - 2017-08-29T02:05:06.759Z] Session [804ff3a0-8c5d-11e7-bf8c-2b251282d0d2] - page.settings - {"XSSAuditingEnabled":false,"javascriptCanCloseWindows":true,"javascriptCanOpenWindows":true,"javascriptEnabled":true,"loadImages":false,"localToRemoteUrlAccessEnabled":false,"userAgent":"Mozilla/5.0 (Macintosh; Intel Mac OS X 10_12_5) AppleWebKit/537.36 (KHTML, like Gecko) Chrome/60.0.3112.101 Safari/537.36","webSecurityEnabled":true}
[INFO  - 2017-08-29T02:05:06.759Z] Session [804ff3a0-8c5d-11e7-bf8c-2b251282d0d2] - page.customHeaders:  - {}
[INFO  - 2017-08-29T02:05:18.286Z] Session [804ff3a0-8c5d-11e7-bf8c-2b251282d0d2] - page.settings - {"XSSAuditingEnabled":false,"javascriptCanCloseWindows":true,"javascriptCanOpenWindows":true,"javascriptEnabled":true,"loadImages":false,"localToRemoteUrlAccessEnabled":false,"userAgent":"Mozilla/5.0 (Macintosh; Intel Mac OS X 10_12_5) AppleWebKit/537.36 (KHTML, like Gecko) Chrome/60.0.3112.101 Safari/537.36","webSecurityEnabled":true}
[INFO  - 2017-08-29T02:05:18.286Z] Session [804ff3a0-8c5d-11e7-bf8c-2b251282d0d2] - page.customHeaders:  - {}
[ERROR - 2017-08-29T02:05:57.042Z] WebElementLocator - _handleLocateCommand - Element(s) NOT Found: GAVE UP. Search Stop Time: 1503972357022

  phantomjs://platform/console++.js:263 in error
[INFO  - 2017-08-29T02:06:05.910Z] Session [804ff3a0-8c5d-11e7-bf8c-2b251282d0d2] - page.settings - {"XSSAuditingEnabled":false,"javascriptCanCloseWindows":true,"javascriptCanOpenWindows":true,"javascriptEnabled":true,"loadImages":false,"localToRemoteUrlAccessEnabled":false,"userAgent":"Mozilla/5.0 (Macintosh; Intel Mac OS X 10_12_5) AppleWebKit/537.36 (KHTML, like Gecko) Chrome/60.0.3112.101 Safari/537.36","webSecurityEnabled":true}
[INFO  - 2017-08-29T02:06:05.910Z] Session [804ff3a0-8c5d-11e7-bf8c-2b251282d0d2] - page.customHeaders:  - {}
[INFO  - 2017-08-29T02:06:17.726Z] Session [804ff3a0-8c5d-11e7-bf8c-2b251282d0d2] - page.settings - {"XSSAuditingEnabled":false,"javascriptCanCloseWindows":true,"javascriptCanOpenWindows":true,"javascriptEnabled":true,"loadImages":false,"localToRemoteUrlAccessEnabled":false,"userAgent":"Mozilla/5.0 (Macintosh; Intel Mac OS X 10_12_5) AppleWebKit/537.36 (KHTML, like Gecko) Chrome/60.0.3112.101 Safari/537.36","webSecurityEnabled":true}
[INFO  - 2017-08-29T02:06:17.726Z] Session [804ff3a0-8c5d-11e7-bf8c-2b251282d0d2] - page.customHeaders:  - {}
[INFO  - 2017-08-29T02:06:29.525Z] Session [804ff3a0-8c5d-11e7-bf8c-2b251282d0d2] - page.settings - {"XSSAuditingEnabled":false,"javascriptCanCloseWindows":true,"javascriptCanOpenWindows":true,"javascriptEnabled":true,"loadImages":false,"localToRemoteUrlAccessEnabled":false,"userAgent":"Mozilla/5.0 (Macintosh; Intel Mac OS X 10_12_5) AppleWebKit/537.36 (KHTML, like Gecko) Chrome/60.0.3112.101 Safari/537.36","webSecurityEnabled":true}
[INFO  - 2017-08-29T02:06:29.525Z] Session [804ff3a0-8c5d-11e7-bf8c-2b251282d0d2] - page.customHeaders:  - {}
[INFO  - 2017-08-29T02:06:41.523Z] Session [804ff3a0-8c5d-11e7-bf8c-2b251282d0d2] - page.settings - {"XSSAuditingEnabled":false,"javascriptCanCloseWindows":true,"javascriptCanOpenWindows":true,"javascriptEnabled":true,"loadImages":false,"localToRemoteUrlAccessEnabled":false,"userAgent":"Mozilla/5.0 (Macintosh; Intel Mac OS X 10_12_5) AppleWebKit/537.36 (KHTML, like Gecko) Chrome/60.0.3112.101 Safari/537.36","webSecurityEnabled":true}
[INFO  - 2017-08-29T02:06:41.523Z] Session [804ff3a0-8c5d-11e7-bf8c-2b251282d0d2] - page.customHeaders:  - {}
[INFO  - 2017-08-29T02:06:53.087Z] Session [804ff3a0-8c5d-11e7-bf8c-2b251282d0d2] - page.settings - {"XSSAuditingEnabled":false,"javascriptCanCloseWindows":true,"javascriptCanOpenWindows":true,"javascriptEnabled":true,"loadImages":false,"localToRemoteUrlAccessEnabled":false,"userAgent":"Mozilla/5.0 (Macintosh; Intel Mac OS X 10_12_5) AppleWebKit/537.36 (KHTML, like Gecko) Chrome/60.0.3112.101 Safari/537.36","webSecurityEnabled":true}
[INFO  - 2017-08-29T02:06:53.087Z] Session [804ff3a0-8c5d-11e7-bf8c-2b251282d0d2] - page.customHeaders:  - {}
[INFO  - 2017-08-29T02:07:04.668Z] Session [804ff3a0-8c5d-11e7-bf8c-2b251282d0d2] - page.settings - {"XSSAuditingEnabled":false,"javascriptCanCloseWindows":true,"javascriptCanOpenWindows":true,"javascriptEnabled":true,"loadImages":false,"localToRemoteUrlAccessEnabled":false,"userAgent":"Mozilla/5.0 (Macintosh; Intel Mac OS X 10_12_5) AppleWebKit/537.36 (KHTML, like Gecko) Chrome/60.0.3112.101 Safari/537.36","webSecurityEnabled":true}
[INFO  - 2017-08-29T02:07:04.668Z] Session [804ff3a0-8c5d-11e7-bf8c-2b251282d0d2] - page.customHeaders:  - {}
[INFO  - 2017-08-29T02:07:16.501Z] Session [804ff3a0-8c5d-11e7-bf8c-2b251282d0d2] - page.settings - {"XSSAuditingEnabled":false,"javascriptCanCloseWindows":true,"javascriptCanOpenWindows":true,"javascriptEnabled":true,"loadImages":false,"localToRemoteUrlAccessEnabled":false,"userAgent":"Mozilla/5.0 (Macintosh; Intel Mac OS X 10_12_5) AppleWebKit/537.36 (KHTML, like Gecko) Chrome/60.0.3112.101 Safari/537.36","webSecurityEnabled":true}
[INFO  - 2017-08-29T02:07:16.501Z] Session [804ff3a0-8c5d-11e7-bf8c-2b251282d0d2] - page.customHeaders:  - {}
[INFO  - 2017-08-29T02:07:28.336Z] Session [804ff3a0-8c5d-11e7-bf8c-2b251282d0d2] - page.settings - {"XSSAuditingEnabled":false,"javascriptCanCloseWindows":true,"javascriptCanOpenWindows":true,"javascriptEnabled":true,"loadImages":false,"localToRemoteUrlAccessEnabled":false,"userAgent":"Mozilla/5.0 (Macintosh; Intel Mac OS X 10_12_5) AppleWebKit/537.36 (KHTML, like Gecko) Chrome/60.0.3112.101 Safari/537.36","webSecurityEnabled":true}
[INFO  - 2017-08-29T02:07:28.336Z] Session [804ff3a0-8c5d-11e7-bf8c-2b251282d0d2] - page.customHeaders:  - {}
[INFO  - 2017-08-29T02:07:39.918Z] Session [804ff3a0-8c5d-11e7-bf8c-2b251282d0d2] - page.settings - {"XSSAuditingEnabled":false,"javascriptCanCloseWindows":true,"javascriptCanOpenWindows":true,"javascriptEnabled":true,"loadImages":false,"localToRemoteUrlAccessEnabled":false,"userAgent":"Mozilla/5.0 (Macintosh; Intel Mac OS X 10_12_5) AppleWebKit/537.36 (KHTML, like Gecko) Chrome/60.0.3112.101 Safari/537.36","webSecurityEnabled":true}
[INFO  - 2017-08-29T02:07:39.919Z] Session [804ff3a0-8c5d-11e7-bf8c-2b251282d0d2] - page.customHeaders:  - {}
[INFO  - 2017-08-29T02:07:52.172Z] Session [804ff3a0-8c5d-11e7-bf8c-2b251282d0d2] - page.settings - {"XSSAuditingEnabled":false,"javascriptCanCloseWindows":true,"javascriptCanOpenWindows":true,"javascriptEnabled":true,"loadImages":false,"localToRemoteUrlAccessEnabled":false,"userAgent":"Mozilla/5.0 (Macintosh; Intel Mac OS X 10_12_5) AppleWebKit/537.36 (KHTML, like Gecko) Chrome/60.0.3112.101 Safari/537.36","webSecurityEnabled":true}
[INFO  - 2017-08-29T02:07:52.172Z] Session [804ff3a0-8c5d-11e7-bf8c-2b251282d0d2] - page.customHeaders:  - {}
[INFO  - 2017-08-29T02:08:03.712Z] Session [804ff3a0-8c5d-11e7-bf8c-2b251282d0d2] - page.settings - {"XSSAuditingEnabled":false,"javascriptCanCloseWindows":true,"javascriptCanOpenWindows":true,"javascriptEnabled":true,"loadImages":false,"localToRemoteUrlAccessEnabled":false,"userAgent":"Mozilla/5.0 (Macintosh; Intel Mac OS X 10_12_5) AppleWebKit/537.36 (KHTML, like Gecko) Chrome/60.0.3112.101 Safari/537.36","webSecurityEnabled":true}
[INFO  - 2017-08-29T02:08:03.712Z] Session [804ff3a0-8c5d-11e7-bf8c-2b251282d0d2] - page.customHeaders:  - {}
[INFO  - 2017-08-29T02:08:06.110Z] SessionManagerReqHand - _cleanupWindowlessSessions - Asynchronous Sessions clean-up phase starting NOW
[INFO  - 2017-08-29T02:08:15.289Z] Session [804ff3a0-8c5d-11e7-bf8c-2b251282d0d2] - page.settings - {"XSSAuditingEnabled":false,"javascriptCanCloseWindows":true,"javascriptCanOpenWindows":true,"javascriptEnabled":true,"loadImages":false,"localToRemoteUrlAccessEnabled":false,"userAgent":"Mozilla/5.0 (Macintosh; Intel Mac OS X 10_12_5) AppleWebKit/537.36 (KHTML, like Gecko) Chrome/60.0.3112.101 Safari/537.36","webSecurityEnabled":true}
[INFO  - 2017-08-29T02:08:15.289Z] Session [804ff3a0-8c5d-11e7-bf8c-2b251282d0d2] - page.customHeaders:  - {}
[INFO  - 2017-08-29T02:08:26.986Z] Session [804ff3a0-8c5d-11e7-bf8c-2b251282d0d2] - page.settings - {"XSSAuditingEnabled":false,"javascriptCanCloseWindows":true,"javascriptCanOpenWindows":true,"javascriptEnabled":true,"loadImages":false,"localToRemoteUrlAccessEnabled":false,"userAgent":"Mozilla/5.0 (Macintosh; Intel Mac OS X 10_12_5) AppleWebKit/537.36 (KHTML, like Gecko) Chrome/60.0.3112.101 Safari/537.36","webSecurityEnabled":true}
[INFO  - 2017-08-29T02:08:26.986Z] Session [804ff3a0-8c5d-11e7-bf8c-2b251282d0d2] - page.customHeaders:  - {}
[INFO  - 2017-08-29T02:08:38.540Z] Session [804ff3a0-8c5d-11e7-bf8c-2b251282d0d2] - page.settings - {"XSSAuditingEnabled":false,"javascriptCanCloseWindows":true,"javascriptCanOpenWindows":true,"javascriptEnabled":true,"loadImages":false,"localToRemoteUrlAccessEnabled":false,"userAgent":"Mozilla/5.0 (Macintosh; Intel Mac OS X 10_12_5) AppleWebKit/537.36 (KHTML, like Gecko) Chrome/60.0.3112.101 Safari/537.36","webSecurityEnabled":true}
[INFO  - 2017-08-29T02:08:38.540Z] Session [804ff3a0-8c5d-11e7-bf8c-2b251282d0d2] - page.customHeaders:  - {}
[INFO  - 2017-08-29T02:08:50.353Z] Session [804ff3a0-8c5d-11e7-bf8c-2b251282d0d2] - page.settings - {"XSSAuditingEnabled":false,"javascriptCanCloseWindows":true,"javascriptCanOpenWindows":true,"javascriptEnabled":true,"loadImages":false,"localToRemoteUrlAccessEnabled":false,"userAgent":"Mozilla/5.0 (Macintosh; Intel Mac OS X 10_12_5) AppleWebKit/537.36 (KHTML, like Gecko) Chrome/60.0.3112.101 Safari/537.36","webSecurityEnabled":true}
[INFO  - 2017-08-29T02:08:50.353Z] Session [804ff3a0-8c5d-11e7-bf8c-2b251282d0d2] - page.customHeaders:  - {}
[INFO  - 2017-08-29T02:09:01.968Z] Session [804ff3a0-8c5d-11e7-bf8c-2b251282d0d2] - page.settings - {"XSSAuditingEnabled":false,"javascriptCanCloseWindows":true,"javascriptCanOpenWindows":true,"javascriptEnabled":true,"loadImages":false,"localToRemoteUrlAccessEnabled":false,"userAgent":"Mozilla/5.0 (Macintosh; Intel Mac OS X 10_12_5) AppleWebKit/537.36 (KHTML, like Gecko) Chrome/60.0.3112.101 Safari/537.36","webSecurityEnabled":true}
[INFO  - 2017-08-29T02:09:01.968Z] Session [804ff3a0-8c5d-11e7-bf8c-2b251282d0d2] - page.customHeaders:  - {}
[INFO  - 2017-08-29T02:09:18.022Z] Session [804ff3a0-8c5d-11e7-bf8c-2b251282d0d2] - page.settings - {"XSSAuditingEnabled":false,"javascriptCanCloseWindows":true,"javascriptCanOpenWindows":true,"javascriptEnabled":true,"loadImages":false,"localToRemoteUrlAccessEnabled":false,"userAgent":"Mozilla/5.0 (Macintosh; Intel Mac OS X 10_12_5) AppleWebKit/537.36 (KHTML, like Gecko) Chrome/60.0.3112.101 Safari/537.36","webSecurityEnabled":true}
[INFO  - 2017-08-29T02:09:18.022Z] Session [804ff3a0-8c5d-11e7-bf8c-2b251282d0d2] - page.customHeaders:  - {}
[INFO  - 2017-08-29T02:09:29.586Z] Session [804ff3a0-8c5d-11e7-bf8c-2b251282d0d2] - page.settings - {"XSSAuditingEnabled":false,"javascriptCanCloseWindows":true,"javascriptCanOpenWindows":true,"javascriptEnabled":true,"loadImages":false,"localToRemoteUrlAccessEnabled":false,"userAgent":"Mozilla/5.0 (Macintosh; Intel Mac OS X 10_12_5) AppleWebKit/537.36 (KHTML, like Gecko) Chrome/60.0.3112.101 Safari/537.36","webSecurityEnabled":true}
[INFO  - 2017-08-29T02:09:29.586Z] Session [804ff3a0-8c5d-11e7-bf8c-2b251282d0d2] - page.customHeaders:  - {}
[INFO  - 2017-08-29T02:09:41.156Z] Session [804ff3a0-8c5d-11e7-bf8c-2b251282d0d2] - page.settings - {"XSSAuditingEnabled":false,"javascriptCanCloseWindows":true,"javascriptCanOpenWindows":true,"javascriptEnabled":true,"loadImages":false,"localToRemoteUrlAccessEnabled":false,"userAgent":"Mozilla/5.0 (Macintosh; Intel Mac OS X 10_12_5) AppleWebKit/537.36 (KHTML, like Gecko) Chrome/60.0.3112.101 Safari/537.36","webSecurityEnabled":true}
[INFO  - 2017-08-29T02:09:41.156Z] Session [804ff3a0-8c5d-11e7-bf8c-2b251282d0d2] - page.customHeaders:  - {}
[INFO  - 2017-08-29T02:09:52.937Z] Session [804ff3a0-8c5d-11e7-bf8c-2b251282d0d2] - page.settings - {"XSSAuditingEnabled":false,"javascriptCanCloseWindows":true,"javascriptCanOpenWindows":true,"javascriptEnabled":true,"loadImages":false,"localToRemoteUrlAccessEnabled":false,"userAgent":"Mozilla/5.0 (Macintosh; Intel Mac OS X 10_12_5) AppleWebKit/537.36 (KHTML, like Gecko) Chrome/60.0.3112.101 Safari/537.36","webSecurityEnabled":true}
[INFO  - 2017-08-29T02:09:52.937Z] Session [804ff3a0-8c5d-11e7-bf8c-2b251282d0d2] - page.customHeaders:  - {}
[INFO  - 2017-08-29T02:10:04.526Z] Session [804ff3a0-8c5d-11e7-bf8c-2b251282d0d2] - page.settings - {"XSSAuditingEnabled":false,"javascriptCanCloseWindows":true,"javascriptCanOpenWindows":true,"javascriptEnabled":true,"loadImages":false,"localToRemoteUrlAccessEnabled":false,"userAgent":"Mozilla/5.0 (Macintosh; Intel Mac OS X 10_12_5) AppleWebKit/537.36 (KHTML, like Gecko) Chrome/60.0.3112.101 Safari/537.36","webSecurityEnabled":true}
[INFO  - 2017-08-29T02:10:04.526Z] Session [804ff3a0-8c5d-11e7-bf8c-2b251282d0d2] - page.customHeaders:  - {}
[INFO  - 2017-08-29T02:10:16.337Z] Session [804ff3a0-8c5d-11e7-bf8c-2b251282d0d2] - page.settings - {"XSSAuditingEnabled":false,"javascriptCanCloseWindows":true,"javascriptCanOpenWindows":true,"javascriptEnabled":true,"loadImages":false,"localToRemoteUrlAccessEnabled":false,"userAgent":"Mozilla/5.0 (Macintosh; Intel Mac OS X 10_12_5) AppleWebKit/537.36 (KHTML, like Gecko) Chrome/60.0.3112.101 Safari/537.36","webSecurityEnabled":true}
[INFO  - 2017-08-29T02:10:16.337Z] Session [804ff3a0-8c5d-11e7-bf8c-2b251282d0d2] - page.customHeaders:  - {}
[INFO  - 2017-08-29T02:10:28.124Z] Session [804ff3a0-8c5d-11e7-bf8c-2b251282d0d2] - page.settings - {"XSSAuditingEnabled":false,"javascriptCanCloseWindows":true,"javascriptCanOpenWindows":true,"javascriptEnabled":true,"loadImages":false,"localToRemoteUrlAccessEnabled":false,"userAgent":"Mozilla/5.0 (Macintosh; Intel Mac OS X 10_12_5) AppleWebKit/537.36 (KHTML, like Gecko) Chrome/60.0.3112.101 Safari/537.36","webSecurityEnabled":true}
[INFO  - 2017-08-29T02:10:28.124Z] Session [804ff3a0-8c5d-11e7-bf8c-2b251282d0d2] - page.customHeaders:  - {}
[INFO  - 2017-08-29T02:10:39.977Z] Session [804ff3a0-8c5d-11e7-bf8c-2b251282d0d2] - page.settings - {"XSSAuditingEnabled":false,"javascriptCanCloseWindows":true,"javascriptCanOpenWindows":true,"javascriptEnabled":true,"loadImages":false,"localToRemoteUrlAccessEnabled":false,"userAgent":"Mozilla/5.0 (Macintosh; Intel Mac OS X 10_12_5) AppleWebKit/537.36 (KHTML, like Gecko) Chrome/60.0.3112.101 Safari/537.36","webSecurityEnabled":true}
[INFO  - 2017-08-29T02:10:39.977Z] Session [804ff3a0-8c5d-11e7-bf8c-2b251282d0d2] - page.customHeaders:  - {}
[INFO  - 2017-08-29T02:10:51.478Z] Session [804ff3a0-8c5d-11e7-bf8c-2b251282d0d2] - page.settings - {"XSSAuditingEnabled":false,"javascriptCanCloseWindows":true,"javascriptCanOpenWindows":true,"javascriptEnabled":true,"loadImages":false,"localToRemoteUrlAccessEnabled":false,"userAgent":"Mozilla/5.0 (Macintosh; Intel Mac OS X 10_12_5) AppleWebKit/537.36 (KHTML, like Gecko) Chrome/60.0.3112.101 Safari/537.36","webSecurityEnabled":true}
[INFO  - 2017-08-29T02:10:51.478Z] Session [804ff3a0-8c5d-11e7-bf8c-2b251282d0d2] - page.customHeaders:  - {}
[INFO  - 2017-08-29T02:11:03.125Z] Session [804ff3a0-8c5d-11e7-bf8c-2b251282d0d2] - page.settings - {"XSSAuditingEnabled":false,"javascriptCanCloseWindows":true,"javascriptCanOpenWindows":true,"javascriptEnabled":true,"loadImages":false,"localToRemoteUrlAccessEnabled":false,"userAgent":"Mozilla/5.0 (Macintosh; Intel Mac OS X 10_12_5) AppleWebKit/537.36 (KHTML, like Gecko) Chrome/60.0.3112.101 Safari/537.36","webSecurityEnabled":true}
[INFO  - 2017-08-29T02:11:03.125Z] Session [804ff3a0-8c5d-11e7-bf8c-2b251282d0d2] - page.customHeaders:  - {}
[INFO  - 2017-08-29T02:11:15.082Z] Session [804ff3a0-8c5d-11e7-bf8c-2b251282d0d2] - page.settings - {"XSSAuditingEnabled":false,"javascriptCanCloseWindows":true,"javascriptCanOpenWindows":true,"javascriptEnabled":true,"loadImages":false,"localToRemoteUrlAccessEnabled":false,"userAgent":"Mozilla/5.0 (Macintosh; Intel Mac OS X 10_12_5) AppleWebKit/537.36 (KHTML, like Gecko) Chrome/60.0.3112.101 Safari/537.36","webSecurityEnabled":true}
[INFO  - 2017-08-29T02:11:15.082Z] Session [804ff3a0-8c5d-11e7-bf8c-2b251282d0d2] - page.customHeaders:  - {}
[INFO  - 2017-08-29T02:11:27.159Z] Session [804ff3a0-8c5d-11e7-bf8c-2b251282d0d2] - page.settings - {"XSSAuditingEnabled":false,"javascriptCanCloseWindows":true,"javascriptCanOpenWindows":true,"javascriptEnabled":true,"loadImages":false,"localToRemoteUrlAccessEnabled":false,"userAgent":"Mozilla/5.0 (Macintosh; Intel Mac OS X 10_12_5) AppleWebKit/537.36 (KHTML, like Gecko) Chrome/60.0.3112.101 Safari/537.36","webSecurityEnabled":true}
[INFO  - 2017-08-29T02:11:27.159Z] Session [804ff3a0-8c5d-11e7-bf8c-2b251282d0d2] - page.customHeaders:  - {}
[INFO  - 2017-08-29T02:11:38.822Z] Session [804ff3a0-8c5d-11e7-bf8c-2b251282d0d2] - page.settings - {"XSSAuditingEnabled":false,"javascriptCanCloseWindows":true,"javascriptCanOpenWindows":true,"javascriptEnabled":true,"loadImages":false,"localToRemoteUrlAccessEnabled":false,"userAgent":"Mozilla/5.0 (Macintosh; Intel Mac OS X 10_12_5) AppleWebKit/537.36 (KHTML, like Gecko) Chrome/60.0.3112.101 Safari/537.36","webSecurityEnabled":true}
[INFO  - 2017-08-29T02:11:38.822Z] Session [804ff3a0-8c5d-11e7-bf8c-2b251282d0d2] - page.customHeaders:  - {}
[INFO  - 2017-08-29T02:11:50.807Z] Session [804ff3a0-8c5d-11e7-bf8c-2b251282d0d2] - page.settings - {"XSSAuditingEnabled":false,"javascriptCanCloseWindows":true,"javascriptCanOpenWindows":true,"javascriptEnabled":true,"loadImages":false,"localToRemoteUrlAccessEnabled":false,"userAgent":"Mozilla/5.0 (Macintosh; Intel Mac OS X 10_12_5) AppleWebKit/537.36 (KHTML, like Gecko) Chrome/60.0.3112.101 Safari/537.36","webSecurityEnabled":true}
[INFO  - 2017-08-29T02:11:50.807Z] Session [804ff3a0-8c5d-11e7-bf8c-2b251282d0d2] - page.customHeaders:  - {}
[INFO  - 2017-08-29T02:12:02.476Z] Session [804ff3a0-8c5d-11e7-bf8c-2b251282d0d2] - page.settings - {"XSSAuditingEnabled":false,"javascriptCanCloseWindows":true,"javascriptCanOpenWindows":true,"javascriptEnabled":true,"loadImages":false,"localToRemoteUrlAccessEnabled":false,"userAgent":"Mozilla/5.0 (Macintosh; Intel Mac OS X 10_12_5) AppleWebKit/537.36 (KHTML, like Gecko) Chrome/60.0.3112.101 Safari/537.36","webSecurityEnabled":true}
[INFO  - 2017-08-29T02:12:02.476Z] Session [804ff3a0-8c5d-11e7-bf8c-2b251282d0d2] - page.customHeaders:  - {}
[INFO  - 2017-08-29T02:12:14.333Z] Session [804ff3a0-8c5d-11e7-bf8c-2b251282d0d2] - page.settings - {"XSSAuditingEnabled":false,"javascriptCanCloseWindows":true,"javascriptCanOpenWindows":true,"javascriptEnabled":true,"loadImages":false,"localToRemoteUrlAccessEnabled":false,"userAgent":"Mozilla/5.0 (Macintosh; Intel Mac OS X 10_12_5) AppleWebKit/537.36 (KHTML, like Gecko) Chrome/60.0.3112.101 Safari/537.36","webSecurityEnabled":true}
[INFO  - 2017-08-29T02:12:14.333Z] Session [804ff3a0-8c5d-11e7-bf8c-2b251282d0d2] - page.customHeaders:  - {}
[INFO  - 2017-08-29T02:12:26.071Z] Session [804ff3a0-8c5d-11e7-bf8c-2b251282d0d2] - page.settings - {"XSSAuditingEnabled":false,"javascriptCanCloseWindows":true,"javascriptCanOpenWindows":true,"javascriptEnabled":true,"loadImages":false,"localToRemoteUrlAccessEnabled":false,"userAgent":"Mozilla/5.0 (Macintosh; Intel Mac OS X 10_12_5) AppleWebKit/537.36 (KHTML, like Gecko) Chrome/60.0.3112.101 Safari/537.36","webSecurityEnabled":true}
[INFO  - 2017-08-29T02:12:26.072Z] Session [804ff3a0-8c5d-11e7-bf8c-2b251282d0d2] - page.customHeaders:  - {}
[INFO  - 2017-08-29T02:12:38.038Z] Session [804ff3a0-8c5d-11e7-bf8c-2b251282d0d2] - page.settings - {"XSSAuditingEnabled":false,"javascriptCanCloseWindows":true,"javascriptCanOpenWindows":true,"javascriptEnabled":true,"loadImages":false,"localToRemoteUrlAccessEnabled":false,"userAgent":"Mozilla/5.0 (Macintosh; Intel Mac OS X 10_12_5) AppleWebKit/537.36 (KHTML, like Gecko) Chrome/60.0.3112.101 Safari/537.36","webSecurityEnabled":true}
[INFO  - 2017-08-29T02:12:38.038Z] Session [804ff3a0-8c5d-11e7-bf8c-2b251282d0d2] - page.customHeaders:  - {}
[INFO  - 2017-08-29T02:12:49.767Z] Session [804ff3a0-8c5d-11e7-bf8c-2b251282d0d2] - page.settings - {"XSSAuditingEnabled":false,"javascriptCanCloseWindows":true,"javascriptCanOpenWindows":true,"javascriptEnabled":true,"loadImages":false,"localToRemoteUrlAccessEnabled":false,"userAgent":"Mozilla/5.0 (Macintosh; Intel Mac OS X 10_12_5) AppleWebKit/537.36 (KHTML, like Gecko) Chrome/60.0.3112.101 Safari/537.36","webSecurityEnabled":true}
[INFO  - 2017-08-29T02:12:49.767Z] Session [804ff3a0-8c5d-11e7-bf8c-2b251282d0d2] - page.customHeaders:  - {}
[INFO  - 2017-08-29T02:13:01.530Z] Session [804ff3a0-8c5d-11e7-bf8c-2b251282d0d2] - page.settings - {"XSSAuditingEnabled":false,"javascriptCanCloseWindows":true,"javascriptCanOpenWindows":true,"javascriptEnabled":true,"loadImages":false,"localToRemoteUrlAccessEnabled":false,"userAgent":"Mozilla/5.0 (Macintosh; Intel Mac OS X 10_12_5) AppleWebKit/537.36 (KHTML, like Gecko) Chrome/60.0.3112.101 Safari/537.36","webSecurityEnabled":true}
[INFO  - 2017-08-29T02:13:01.530Z] Session [804ff3a0-8c5d-11e7-bf8c-2b251282d0d2] - page.customHeaders:  - {}
[INFO  - 2017-08-29T02:13:06.110Z] SessionManagerReqHand - _cleanupWindowlessSessions - Asynchronous Sessions clean-up phase starting NOW
[INFO  - 2017-08-29T02:13:16.660Z] Session [804ff3a0-8c5d-11e7-bf8c-2b251282d0d2] - page.settings - {"XSSAuditingEnabled":false,"javascriptCanCloseWindows":true,"javascriptCanOpenWindows":true,"javascriptEnabled":true,"loadImages":false,"localToRemoteUrlAccessEnabled":false,"userAgent":"Mozilla/5.0 (Macintosh; Intel Mac OS X 10_12_5) AppleWebKit/537.36 (KHTML, like Gecko) Chrome/60.0.3112.101 Safari/537.36","webSecurityEnabled":true}
[INFO  - 2017-08-29T02:13:16.660Z] Session [804ff3a0-8c5d-11e7-bf8c-2b251282d0d2] - page.customHeaders:  - {}
[INFO  - 2017-08-29T02:13:28.443Z] Session [804ff3a0-8c5d-11e7-bf8c-2b251282d0d2] - page.settings - {"XSSAuditingEnabled":false,"javascriptCanCloseWindows":true,"javascriptCanOpenWindows":true,"javascriptEnabled":true,"loadImages":false,"localToRemoteUrlAccessEnabled":false,"userAgent":"Mozilla/5.0 (Macintosh; Intel Mac OS X 10_12_5) AppleWebKit/537.36 (KHTML, like Gecko) Chrome/60.0.3112.101 Safari/537.36","webSecurityEnabled":true}
[INFO  - 2017-08-29T02:13:28.444Z] Session [804ff3a0-8c5d-11e7-bf8c-2b251282d0d2] - page.customHeaders:  - {}
[INFO  - 2017-08-29T02:13:40.049Z] Session [804ff3a0-8c5d-11e7-bf8c-2b251282d0d2] - page.settings - {"XSSAuditingEnabled":false,"javascriptCanCloseWindows":true,"javascriptCanOpenWindows":true,"javascriptEnabled":true,"loadImages":false,"localToRemoteUrlAccessEnabled":false,"userAgent":"Mozilla/5.0 (Macintosh; Intel Mac OS X 10_12_5) AppleWebKit/537.36 (KHTML, like Gecko) Chrome/60.0.3112.101 Safari/537.36","webSecurityEnabled":true}
[INFO  - 2017-08-29T02:13:40.050Z] Session [804ff3a0-8c5d-11e7-bf8c-2b251282d0d2] - page.customHeaders:  - {}
[INFO  - 2017-08-29T02:13:51.750Z] Session [804ff3a0-8c5d-11e7-bf8c-2b251282d0d2] - page.settings - {"XSSAuditingEnabled":false,"javascriptCanCloseWindows":true,"javascriptCanOpenWindows":true,"javascriptEnabled":true,"loadImages":false,"localToRemoteUrlAccessEnabled":false,"userAgent":"Mozilla/5.0 (Macintosh; Intel Mac OS X 10_12_5) AppleWebKit/537.36 (KHTML, like Gecko) Chrome/60.0.3112.101 Safari/537.36","webSecurityEnabled":true}
[INFO  - 2017-08-29T02:13:51.750Z] Session [804ff3a0-8c5d-11e7-bf8c-2b251282d0d2] - page.customHeaders:  - {}
[INFO  - 2017-08-29T02:14:03.355Z] Session [804ff3a0-8c5d-11e7-bf8c-2b251282d0d2] - page.settings - {"XSSAuditingEnabled":false,"javascriptCanCloseWindows":true,"javascriptCanOpenWindows":true,"javascriptEnabled":true,"loadImages":false,"localToRemoteUrlAccessEnabled":false,"userAgent":"Mozilla/5.0 (Macintosh; Intel Mac OS X 10_12_5) AppleWebKit/537.36 (KHTML, like Gecko) Chrome/60.0.3112.101 Safari/537.36","webSecurityEnabled":true}
[INFO  - 2017-08-29T02:14:03.355Z] Session [804ff3a0-8c5d-11e7-bf8c-2b251282d0d2] - page.customHeaders:  - {}
[INFO  - 2017-08-29T02:14:15.019Z] Session [804ff3a0-8c5d-11e7-bf8c-2b251282d0d2] - page.settings - {"XSSAuditingEnabled":false,"javascriptCanCloseWindows":true,"javascriptCanOpenWindows":true,"javascriptEnabled":true,"loadImages":false,"localToRemoteUrlAccessEnabled":false,"userAgent":"Mozilla/5.0 (Macintosh; Intel Mac OS X 10_12_5) AppleWebKit/537.36 (KHTML, like Gecko) Chrome/60.0.3112.101 Safari/537.36","webSecurityEnabled":true}
[INFO  - 2017-08-29T02:14:15.019Z] Session [804ff3a0-8c5d-11e7-bf8c-2b251282d0d2] - page.customHeaders:  - {}
[INFO  - 2017-08-29T02:14:27.060Z] Session [804ff3a0-8c5d-11e7-bf8c-2b251282d0d2] - page.settings - {"XSSAuditingEnabled":false,"javascriptCanCloseWindows":true,"javascriptCanOpenWindows":true,"javascriptEnabled":true,"loadImages":false,"localToRemoteUrlAccessEnabled":false,"userAgent":"Mozilla/5.0 (Macintosh; Intel Mac OS X 10_12_5) AppleWebKit/537.36 (KHTML, like Gecko) Chrome/60.0.3112.101 Safari/537.36","webSecurityEnabled":true}
[INFO  - 2017-08-29T02:14:27.060Z] Session [804ff3a0-8c5d-11e7-bf8c-2b251282d0d2] - page.customHeaders:  - {}
[INFO  - 2017-08-29T02:14:39.029Z] Session [804ff3a0-8c5d-11e7-bf8c-2b251282d0d2] - page.settings - {"XSSAuditingEnabled":false,"javascriptCanCloseWindows":true,"javascriptCanOpenWindows":true,"javascriptEnabled":true,"loadImages":false,"localToRemoteUrlAccessEnabled":false,"userAgent":"Mozilla/5.0 (Macintosh; Intel Mac OS X 10_12_5) AppleWebKit/537.36 (KHTML, like Gecko) Chrome/60.0.3112.101 Safari/537.36","webSecurityEnabled":true}
[INFO  - 2017-08-29T02:14:39.029Z] Session [804ff3a0-8c5d-11e7-bf8c-2b251282d0d2] - page.customHeaders:  - {}
[ERROR - 2017-08-29T02:15:17.834Z] WebElementLocator - _handleLocateCommand - Element(s) NOT Found: GAVE UP. Search Stop Time: 1503972917798

  phantomjs://platform/console++.js:263 in error
[INFO  - 2017-08-29T02:15:26.387Z] Session [804ff3a0-8c5d-11e7-bf8c-2b251282d0d2] - page.settings - {"XSSAuditingEnabled":false,"javascriptCanCloseWindows":true,"javascriptCanOpenWindows":true,"javascriptEnabled":true,"loadImages":false,"localToRemoteUrlAccessEnabled":false,"userAgent":"Mozilla/5.0 (Macintosh; Intel Mac OS X 10_12_5) AppleWebKit/537.36 (KHTML, like Gecko) Chrome/60.0.3112.101 Safari/537.36","webSecurityEnabled":true}
[INFO  - 2017-08-29T02:15:26.387Z] Session [804ff3a0-8c5d-11e7-bf8c-2b251282d0d2] - page.customHeaders:  - {}
[INFO  - 2017-08-29T02:15:38.023Z] Session [804ff3a0-8c5d-11e7-bf8c-2b251282d0d2] - page.settings - {"XSSAuditingEnabled":false,"javascriptCanCloseWindows":true,"javascriptCanOpenWindows":true,"javascriptEnabled":true,"loadImages":false,"localToRemoteUrlAccessEnabled":false,"userAgent":"Mozilla/5.0 (Macintosh; Intel Mac OS X 10_12_5) AppleWebKit/537.36 (KHTML, like Gecko) Chrome/60.0.3112.101 Safari/537.36","webSecurityEnabled":true}
[INFO  - 2017-08-29T02:15:38.023Z] Session [804ff3a0-8c5d-11e7-bf8c-2b251282d0d2] - page.customHeaders:  - {}
[INFO  - 2017-08-29T02:15:53.378Z] Session [804ff3a0-8c5d-11e7-bf8c-2b251282d0d2] - page.settings - {"XSSAuditingEnabled":false,"javascriptCanCloseWindows":true,"javascriptCanOpenWindows":true,"javascriptEnabled":true,"loadImages":false,"localToRemoteUrlAccessEnabled":false,"userAgent":"Mozilla/5.0 (Macintosh; Intel Mac OS X 10_12_5) AppleWebKit/537.36 (KHTML, like Gecko) Chrome/60.0.3112.101 Safari/537.36","webSecurityEnabled":true}
[INFO  - 2017-08-29T02:15:53.378Z] Session [804ff3a0-8c5d-11e7-bf8c-2b251282d0d2] - page.customHeaders:  - {}
[INFO  - 2017-08-29T02:16:05.173Z] Session [804ff3a0-8c5d-11e7-bf8c-2b251282d0d2] - page.settings - {"XSSAuditingEnabled":false,"javascriptCanCloseWindows":true,"javascriptCanOpenWindows":true,"javascriptEnabled":true,"loadImages":false,"localToRemoteUrlAccessEnabled":false,"userAgent":"Mozilla/5.0 (Macintosh; Intel Mac OS X 10_12_5) AppleWebKit/537.36 (KHTML, like Gecko) Chrome/60.0.3112.101 Safari/537.36","webSecurityEnabled":true}
[INFO  - 2017-08-29T02:16:05.173Z] Session [804ff3a0-8c5d-11e7-bf8c-2b251282d0d2] - page.customHeaders:  - {}
[INFO  - 2017-08-29T02:16:16.851Z] Session [804ff3a0-8c5d-11e7-bf8c-2b251282d0d2] - page.settings - {"XSSAuditingEnabled":false,"javascriptCanCloseWindows":true,"javascriptCanOpenWindows":true,"javascriptEnabled":true,"loadImages":false,"localToRemoteUrlAccessEnabled":false,"userAgent":"Mozilla/5.0 (Macintosh; Intel Mac OS X 10_12_5) AppleWebKit/537.36 (KHTML, like Gecko) Chrome/60.0.3112.101 Safari/537.36","webSecurityEnabled":true}
[INFO  - 2017-08-29T02:16:16.851Z] Session [804ff3a0-8c5d-11e7-bf8c-2b251282d0d2] - page.customHeaders:  - {}
[INFO  - 2017-08-29T02:16:28.477Z] Session [804ff3a0-8c5d-11e7-bf8c-2b251282d0d2] - page.settings - {"XSSAuditingEnabled":false,"javascriptCanCloseWindows":true,"javascriptCanOpenWindows":true,"javascriptEnabled":true,"loadImages":false,"localToRemoteUrlAccessEnabled":false,"userAgent":"Mozilla/5.0 (Macintosh; Intel Mac OS X 10_12_5) AppleWebKit/537.36 (KHTML, like Gecko) Chrome/60.0.3112.101 Safari/537.36","webSecurityEnabled":true}
[INFO  - 2017-08-29T02:16:28.477Z] Session [804ff3a0-8c5d-11e7-bf8c-2b251282d0d2] - page.customHeaders:  - {}
[INFO  - 2017-08-29T02:16:40.453Z] Session [804ff3a0-8c5d-11e7-bf8c-2b251282d0d2] - page.settings - {"XSSAuditingEnabled":false,"javascriptCanCloseWindows":true,"javascriptCanOpenWindows":true,"javascriptEnabled":true,"loadImages":false,"localToRemoteUrlAccessEnabled":false,"userAgent":"Mozilla/5.0 (Macintosh; Intel Mac OS X 10_12_5) AppleWebKit/537.36 (KHTML, like Gecko) Chrome/60.0.3112.101 Safari/537.36","webSecurityEnabled":true}
[INFO  - 2017-08-29T02:16:40.453Z] Session [804ff3a0-8c5d-11e7-bf8c-2b251282d0d2] - page.customHeaders:  - {}
[INFO  - 2017-08-29T02:16:52.428Z] Session [804ff3a0-8c5d-11e7-bf8c-2b251282d0d2] - page.settings - {"XSSAuditingEnabled":false,"javascriptCanCloseWindows":true,"javascriptCanOpenWindows":true,"javascriptEnabled":true,"loadImages":false,"localToRemoteUrlAccessEnabled":false,"userAgent":"Mozilla/5.0 (Macintosh; Intel Mac OS X 10_12_5) AppleWebKit/537.36 (KHTML, like Gecko) Chrome/60.0.3112.101 Safari/537.36","webSecurityEnabled":true}
[INFO  - 2017-08-29T02:16:52.428Z] Session [804ff3a0-8c5d-11e7-bf8c-2b251282d0d2] - page.customHeaders:  - {}
[INFO  - 2017-08-29T02:17:04.293Z] Session [804ff3a0-8c5d-11e7-bf8c-2b251282d0d2] - page.settings - {"XSSAuditingEnabled":false,"javascriptCanCloseWindows":true,"javascriptCanOpenWindows":true,"javascriptEnabled":true,"loadImages":false,"localToRemoteUrlAccessEnabled":false,"userAgent":"Mozilla/5.0 (Macintosh; Intel Mac OS X 10_12_5) AppleWebKit/537.36 (KHTML, like Gecko) Chrome/60.0.3112.101 Safari/537.36","webSecurityEnabled":true}
[INFO  - 2017-08-29T02:17:04.293Z] Session [804ff3a0-8c5d-11e7-bf8c-2b251282d0d2] - page.customHeaders:  - {}
[INFO  - 2017-08-29T02:17:16.276Z] Session [804ff3a0-8c5d-11e7-bf8c-2b251282d0d2] - page.settings - {"XSSAuditingEnabled":false,"javascriptCanCloseWindows":true,"javascriptCanOpenWindows":true,"javascriptEnabled":true,"loadImages":false,"localToRemoteUrlAccessEnabled":false,"userAgent":"Mozilla/5.0 (Macintosh; Intel Mac OS X 10_12_5) AppleWebKit/537.36 (KHTML, like Gecko) Chrome/60.0.3112.101 Safari/537.36","webSecurityEnabled":true}
[INFO  - 2017-08-29T02:17:16.276Z] Session [804ff3a0-8c5d-11e7-bf8c-2b251282d0d2] - page.customHeaders:  - {}
[INFO  - 2017-08-29T02:17:28.224Z] Session [804ff3a0-8c5d-11e7-bf8c-2b251282d0d2] - page.settings - {"XSSAuditingEnabled":false,"javascriptCanCloseWindows":true,"javascriptCanOpenWindows":true,"javascriptEnabled":true,"loadImages":false,"localToRemoteUrlAccessEnabled":false,"userAgent":"Mozilla/5.0 (Macintosh; Intel Mac OS X 10_12_5) AppleWebKit/537.36 (KHTML, like Gecko) Chrome/60.0.3112.101 Safari/537.36","webSecurityEnabled":true}
[INFO  - 2017-08-29T02:17:28.224Z] Session [804ff3a0-8c5d-11e7-bf8c-2b251282d0d2] - page.customHeaders:  - {}
[ERROR - 2017-08-29T02:17:28.800Z] Session [804ff3a0-8c5d-11e7-bf8c-2b251282d0d2] - page.onError - msg: TypeError: undefined is not an object (evaluating 'e.length')

  phantomjs://platform/console++.js:263 in error
[ERROR - 2017-08-29T02:17:28.800Z] Session [804ff3a0-8c5d-11e7-bf8c-2b251282d0d2] - page.onError - stack:
  groupResourceTimingData (https://g.alicdn.com/alilog/mlog/xwj_heat.js?v=151116b:2)
  sendResourceTiming (https://g.alicdn.com/alilog/mlog/xwj_heat.js?v=151116b:2)
  (anonymous function) (https://g.alicdn.com/alilog/mlog/xwj_heat.js?v=151116b:2)

  phantomjs://platform/console++.js:263 in error
[INFO  - 2017-08-29T02:17:40.148Z] Session [804ff3a0-8c5d-11e7-bf8c-2b251282d0d2] - page.settings - {"XSSAuditingEnabled":false,"javascriptCanCloseWindows":true,"javascriptCanOpenWindows":true,"javascriptEnabled":true,"loadImages":false,"localToRemoteUrlAccessEnabled":false,"userAgent":"Mozilla/5.0 (Macintosh; Intel Mac OS X 10_12_5) AppleWebKit/537.36 (KHTML, like Gecko) Chrome/60.0.3112.101 Safari/537.36","webSecurityEnabled":true}
[INFO  - 2017-08-29T02:17:40.148Z] Session [804ff3a0-8c5d-11e7-bf8c-2b251282d0d2] - page.customHeaders:  - {}
[INFO  - 2017-08-29T02:17:52.249Z] Session [804ff3a0-8c5d-11e7-bf8c-2b251282d0d2] - page.settings - {"XSSAuditingEnabled":false,"javascriptCanCloseWindows":true,"javascriptCanOpenWindows":true,"javascriptEnabled":true,"loadImages":false,"localToRemoteUrlAccessEnabled":false,"userAgent":"Mozilla/5.0 (Macintosh; Intel Mac OS X 10_12_5) AppleWebKit/537.36 (KHTML, like Gecko) Chrome/60.0.3112.101 Safari/537.36","webSecurityEnabled":true}
[INFO  - 2017-08-29T02:17:52.249Z] Session [804ff3a0-8c5d-11e7-bf8c-2b251282d0d2] - page.customHeaders:  - {}
[INFO  - 2017-08-29T02:18:04.167Z] Session [804ff3a0-8c5d-11e7-bf8c-2b251282d0d2] - page.settings - {"XSSAuditingEnabled":false,"javascriptCanCloseWindows":true,"javascriptCanOpenWindows":true,"javascriptEnabled":true,"loadImages":false,"localToRemoteUrlAccessEnabled":false,"userAgent":"Mozilla/5.0 (Macintosh; Intel Mac OS X 10_12_5) AppleWebKit/537.36 (KHTML, like Gecko) Chrome/60.0.3112.101 Safari/537.36","webSecurityEnabled":true}
[INFO  - 2017-08-29T02:18:04.167Z] Session [804ff3a0-8c5d-11e7-bf8c-2b251282d0d2] - page.customHeaders:  - {}
[INFO  - 2017-08-29T02:18:06.110Z] SessionManagerReqHand - _cleanupWindowlessSessions - Asynchronous Sessions clean-up phase starting NOW
[INFO  - 2017-08-29T02:18:15.906Z] Session [804ff3a0-8c5d-11e7-bf8c-2b251282d0d2] - page.settings - {"XSSAuditingEnabled":false,"javascriptCanCloseWindows":true,"javascriptCanOpenWindows":true,"javascriptEnabled":true,"loadImages":false,"localToRemoteUrlAccessEnabled":false,"userAgent":"Mozilla/5.0 (Macintosh; Intel Mac OS X 10_12_5) AppleWebKit/537.36 (KHTML, like Gecko) Chrome/60.0.3112.101 Safari/537.36","webSecurityEnabled":true}
[INFO  - 2017-08-29T02:18:15.906Z] Session [804ff3a0-8c5d-11e7-bf8c-2b251282d0d2] - page.customHeaders:  - {}
[INFO  - 2017-08-29T02:18:27.735Z] Session [804ff3a0-8c5d-11e7-bf8c-2b251282d0d2] - page.settings - {"XSSAuditingEnabled":false,"javascriptCanCloseWindows":true,"javascriptCanOpenWindows":true,"javascriptEnabled":true,"loadImages":false,"localToRemoteUrlAccessEnabled":false,"userAgent":"Mozilla/5.0 (Macintosh; Intel Mac OS X 10_12_5) AppleWebKit/537.36 (KHTML, like Gecko) Chrome/60.0.3112.101 Safari/537.36","webSecurityEnabled":true}
[INFO  - 2017-08-29T02:18:27.735Z] Session [804ff3a0-8c5d-11e7-bf8c-2b251282d0d2] - page.customHeaders:  - {}
[INFO  - 2017-08-29T02:18:41.959Z] Session [804ff3a0-8c5d-11e7-bf8c-2b251282d0d2] - page.settings - {"XSSAuditingEnabled":false,"javascriptCanCloseWindows":true,"javascriptCanOpenWindows":true,"javascriptEnabled":true,"loadImages":false,"localToRemoteUrlAccessEnabled":false,"userAgent":"Mozilla/5.0 (Macintosh; Intel Mac OS X 10_12_5) AppleWebKit/537.36 (KHTML, like Gecko) Chrome/60.0.3112.101 Safari/537.36","webSecurityEnabled":true}
[INFO  - 2017-08-29T02:18:41.959Z] Session [804ff3a0-8c5d-11e7-bf8c-2b251282d0d2] - page.customHeaders:  - {}
[INFO  - 2017-08-29T02:18:53.547Z] Session [804ff3a0-8c5d-11e7-bf8c-2b251282d0d2] - page.settings - {"XSSAuditingEnabled":false,"javascriptCanCloseWindows":true,"javascriptCanOpenWindows":true,"javascriptEnabled":true,"loadImages":false,"localToRemoteUrlAccessEnabled":false,"userAgent":"Mozilla/5.0 (Macintosh; Intel Mac OS X 10_12_5) AppleWebKit/537.36 (KHTML, like Gecko) Chrome/60.0.3112.101 Safari/537.36","webSecurityEnabled":true}
[INFO  - 2017-08-29T02:18:53.547Z] Session [804ff3a0-8c5d-11e7-bf8c-2b251282d0d2] - page.customHeaders:  - {}
[INFO  - 2017-08-29T02:19:06.053Z] Session [804ff3a0-8c5d-11e7-bf8c-2b251282d0d2] - page.settings - {"XSSAuditingEnabled":false,"javascriptCanCloseWindows":true,"javascriptCanOpenWindows":true,"javascriptEnabled":true,"loadImages":false,"localToRemoteUrlAccessEnabled":false,"userAgent":"Mozilla/5.0 (Macintosh; Intel Mac OS X 10_12_5) AppleWebKit/537.36 (KHTML, like Gecko) Chrome/60.0.3112.101 Safari/537.36","webSecurityEnabled":true}
[INFO  - 2017-08-29T02:19:06.053Z] Session [804ff3a0-8c5d-11e7-bf8c-2b251282d0d2] - page.customHeaders:  - {}
[INFO  - 2017-08-29T02:19:17.822Z] Session [804ff3a0-8c5d-11e7-bf8c-2b251282d0d2] - page.settings - {"XSSAuditingEnabled":false,"javascriptCanCloseWindows":true,"javascriptCanOpenWindows":true,"javascriptEnabled":true,"loadImages":false,"localToRemoteUrlAccessEnabled":false,"userAgent":"Mozilla/5.0 (Macintosh; Intel Mac OS X 10_12_5) AppleWebKit/537.36 (KHTML, like Gecko) Chrome/60.0.3112.101 Safari/537.36","webSecurityEnabled":true}
[INFO  - 2017-08-29T02:19:17.822Z] Session [804ff3a0-8c5d-11e7-bf8c-2b251282d0d2] - page.customHeaders:  - {}
[INFO  - 2017-08-29T02:19:29.704Z] Session [804ff3a0-8c5d-11e7-bf8c-2b251282d0d2] - page.settings - {"XSSAuditingEnabled":false,"javascriptCanCloseWindows":true,"javascriptCanOpenWindows":true,"javascriptEnabled":true,"loadImages":false,"localToRemoteUrlAccessEnabled":false,"userAgent":"Mozilla/5.0 (Macintosh; Intel Mac OS X 10_12_5) AppleWebKit/537.36 (KHTML, like Gecko) Chrome/60.0.3112.101 Safari/537.36","webSecurityEnabled":true}
[INFO  - 2017-08-29T02:19:29.704Z] Session [804ff3a0-8c5d-11e7-bf8c-2b251282d0d2] - page.customHeaders:  - {}
[INFO  - 2017-08-29T02:19:41.411Z] Session [804ff3a0-8c5d-11e7-bf8c-2b251282d0d2] - page.settings - {"XSSAuditingEnabled":false,"javascriptCanCloseWindows":true,"javascriptCanOpenWindows":true,"javascriptEnabled":true,"loadImages":false,"localToRemoteUrlAccessEnabled":false,"userAgent":"Mozilla/5.0 (Macintosh; Intel Mac OS X 10_12_5) AppleWebKit/537.36 (KHTML, like Gecko) Chrome/60.0.3112.101 Safari/537.36","webSecurityEnabled":true}
[INFO  - 2017-08-29T02:19:41.411Z] Session [804ff3a0-8c5d-11e7-bf8c-2b251282d0d2] - page.customHeaders:  - {}
[INFO  - 2017-08-29T02:19:53.082Z] Session [804ff3a0-8c5d-11e7-bf8c-2b251282d0d2] - page.settings - {"XSSAuditingEnabled":false,"javascriptCanCloseWindows":true,"javascriptCanOpenWindows":true,"javascriptEnabled":true,"loadImages":false,"localToRemoteUrlAccessEnabled":false,"userAgent":"Mozilla/5.0 (Macintosh; Intel Mac OS X 10_12_5) AppleWebKit/537.36 (KHTML, like Gecko) Chrome/60.0.3112.101 Safari/537.36","webSecurityEnabled":true}
[INFO  - 2017-08-29T02:19:53.082Z] Session [804ff3a0-8c5d-11e7-bf8c-2b251282d0d2] - page.customHeaders:  - {}
[INFO  - 2017-08-29T02:20:04.861Z] Session [804ff3a0-8c5d-11e7-bf8c-2b251282d0d2] - page.settings - {"XSSAuditingEnabled":false,"javascriptCanCloseWindows":true,"javascriptCanOpenWindows":true,"javascriptEnabled":true,"loadImages":false,"localToRemoteUrlAccessEnabled":false,"userAgent":"Mozilla/5.0 (Macintosh; Intel Mac OS X 10_12_5) AppleWebKit/537.36 (KHTML, like Gecko) Chrome/60.0.3112.101 Safari/537.36","webSecurityEnabled":true}
[INFO  - 2017-08-29T02:20:04.861Z] Session [804ff3a0-8c5d-11e7-bf8c-2b251282d0d2] - page.customHeaders:  - {}
[INFO  - 2017-08-29T02:20:17.008Z] Session [804ff3a0-8c5d-11e7-bf8c-2b251282d0d2] - page.settings - {"XSSAuditingEnabled":false,"javascriptCanCloseWindows":true,"javascriptCanOpenWindows":true,"javascriptEnabled":true,"loadImages":false,"localToRemoteUrlAccessEnabled":false,"userAgent":"Mozilla/5.0 (Macintosh; Intel Mac OS X 10_12_5) AppleWebKit/537.36 (KHTML, like Gecko) Chrome/60.0.3112.101 Safari/537.36","webSecurityEnabled":true}
[INFO  - 2017-08-29T02:20:17.008Z] Session [804ff3a0-8c5d-11e7-bf8c-2b251282d0d2] - page.customHeaders:  - {}
[INFO  - 2017-08-29T02:20:28.810Z] Session [804ff3a0-8c5d-11e7-bf8c-2b251282d0d2] - page.settings - {"XSSAuditingEnabled":false,"javascriptCanCloseWindows":true,"javascriptCanOpenWindows":true,"javascriptEnabled":true,"loadImages":false,"localToRemoteUrlAccessEnabled":false,"userAgent":"Mozilla/5.0 (Macintosh; Intel Mac OS X 10_12_5) AppleWebKit/537.36 (KHTML, like Gecko) Chrome/60.0.3112.101 Safari/537.36","webSecurityEnabled":true}
[INFO  - 2017-08-29T02:20:28.810Z] Session [804ff3a0-8c5d-11e7-bf8c-2b251282d0d2] - page.customHeaders:  - {}
[INFO  - 2017-08-29T02:20:41.094Z] Session [804ff3a0-8c5d-11e7-bf8c-2b251282d0d2] - page.settings - {"XSSAuditingEnabled":false,"javascriptCanCloseWindows":true,"javascriptCanOpenWindows":true,"javascriptEnabled":true,"loadImages":false,"localToRemoteUrlAccessEnabled":false,"userAgent":"Mozilla/5.0 (Macintosh; Intel Mac OS X 10_12_5) AppleWebKit/537.36 (KHTML, like Gecko) Chrome/60.0.3112.101 Safari/537.36","webSecurityEnabled":true}
[INFO  - 2017-08-29T02:20:41.094Z] Session [804ff3a0-8c5d-11e7-bf8c-2b251282d0d2] - page.customHeaders:  - {}
[INFO  - 2017-08-29T02:20:53.154Z] Session [804ff3a0-8c5d-11e7-bf8c-2b251282d0d2] - page.settings - {"XSSAuditingEnabled":false,"javascriptCanCloseWindows":true,"javascriptCanOpenWindows":true,"javascriptEnabled":true,"loadImages":false,"localToRemoteUrlAccessEnabled":false,"userAgent":"Mozilla/5.0 (Macintosh; Intel Mac OS X 10_12_5) AppleWebKit/537.36 (KHTML, like Gecko) Chrome/60.0.3112.101 Safari/537.36","webSecurityEnabled":true}
[INFO  - 2017-08-29T02:20:53.154Z] Session [804ff3a0-8c5d-11e7-bf8c-2b251282d0d2] - page.customHeaders:  - {}
[INFO  - 2017-08-29T02:23:06.110Z] SessionManagerReqHand - _cleanupWindowlessSessions - Asynchronous Sessions clean-up phase starting NOW
[INFO  - 2017-08-29T02:28:06.110Z] SessionManagerReqHand - _cleanupWindowlessSessions - Asynchronous Sessions clean-up phase starting NOW
